Plugins:
Bundled analyzers:
  - JaCoCo 1.3.0.1538 (jacoco)
  - IaC Code Quality and Security 1.43.0.14517 (iac)
  - Text Code Quality and Security 2.21.0.5225 (text)
  - Clean as You Code 2.4.0.2018 (cayc)
Global server settings:
  - sonar.azureresourcemanager.file.suffixes=.bicep
  - sonar.core.id=147B411E-AZYjvtPArM4M3XkOXwNp
  - sonar.core.startTime=2026-04-11T18:50:47+0300
  - sonar.cs.file.suffixes=.cs,.razor
  - sonar.css.file.suffixes=.css,.less,.scss,.sass
  - sonar.docker.file.patterns=Dockerfile,*.dockerfile
  - sonar.flex.file.suffixes=as
  - sonar.forceAuthentication=false
  - sonar.go.file.suffixes=.go
  - sonar.html.file.suffixes=.html,.xhtml,.cshtml,.vbhtml,.aspx,.ascx,.rhtml,.erb,.shtm,.shtml,.cmp,.twig
  - sonar.ipynb.file.suffixes=ipynb
  - sonar.java.file.suffixes=.java,.jav
  - sonar.java.jvmframeworkconfig.file.patterns=**/src/main/resources/**/*app*.properties,**/src/main/resources/**/*app*.yaml,**/src/main/resources/**/*app*.yml
  - sonar.javascript.file.suffixes=.js,.jsx,.cjs,.mjs,.vue
  - sonar.json.file.suffixes=.json
  - sonar.jsp.file.suffixes=.jsp,.jspf,.jspx
  - sonar.kotlin.file.suffixes=.kt,.kts
  - sonar.multi-quality-mode.enabled=false
  - sonar.php.file.suffixes=php,php3,php4,php5,phtml,inc
  - sonar.python.file.suffixes=py
  - sonar.qualityProfiles.allowDisableInheritedRules=true
  - sonar.ruby.file.suffixes=.rb
  - sonar.scala.file.suffixes=.scala
  - sonar.terraform.file.suffixes=.tf
  - sonar.typescript.file.suffixes=.ts,.tsx,.cts,.mts
  - sonar.vbnet.file.suffixes=.vb
  - sonar.xml.file.suffixes=.xml,.xsd,.xsl,.config
  - sonar.yaml.file.suffixes=.yaml,.yml
Project server settings:
  - sonar.azureresourcemanager.file.suffixes=.bicep
  - sonar.cs.file.suffixes=.cs,.razor
  - sonar.css.file.suffixes=.css,.less,.scss,.sass
  - sonar.docker.file.patterns=Dockerfile,*.dockerfile
  - sonar.flex.file.suffixes=as
  - sonar.go.file.suffixes=.go
  - sonar.html.file.suffixes=.html,.xhtml,.cshtml,.vbhtml,.aspx,.ascx,.rhtml,.erb,.shtm,.shtml,.cmp,.twig
  - sonar.ipynb.file.suffixes=ipynb
  - sonar.java.file.suffixes=.java,.jav
  - sonar.java.jvmframeworkconfig.file.patterns=**/src/main/resources/**/*app*.properties,**/src/main/resources/**/*app*.yaml,**/src/main/resources/**/*app*.yml
  - sonar.javascript.file.suffixes=.js,.jsx,.cjs,.mjs,.vue
  - sonar.json.file.suffixes=.json
  - sonar.jsp.file.suffixes=.jsp,.jspf,.jspx
  - sonar.kotlin.file.suffixes=.kt,.kts
  - sonar.php.file.suffixes=php,php3,php4,php5,phtml,inc
  - sonar.python.file.suffixes=py
  - sonar.ruby.file.suffixes=.rb
  - sonar.scala.file.suffixes=.scala
  - sonar.terraform.file.suffixes=.tf
  - sonar.typescript.file.suffixes=.ts,.tsx,.cts,.mts
  - sonar.vbnet.file.suffixes=.vb
  - sonar.xml.file.suffixes=.xml,.xsd,.xsl,.config
  - sonar.yaml.file.suffixes=.yaml,.yml
Project scanner properties:
  - sonar.host.url=http://localhost:9000
  - sonar.java.binaries=C:/Users/amirdi/OneDrive - Metropolia Ammattikorkeakoulu Oy/Documents/Spring2025/Sep1/SEP2/week4_CleanCode/Lecture_Demo2026/avg_consol/target/classes
  - sonar.java.libraries=C:\Users\amirdi\.m2\repository\org\junit\jupiter\junit-jupiter\5.14.0\junit-jupiter-5.14.0.jar,C:\Users\amirdi\.m2\repository\org\junit\jupiter\junit-jupiter-api\5.14.0\junit-jupiter-api-5.14.0.jar,C:\Users\amirdi\.m2\repository\org\opentest4j\opentest4j\1.3.0\opentest4j-1.3.0.jar,C:\Users\amirdi\.m2\repository\org\junit\platform\junit-platform-commons\1.14.0\junit-platform-commons-1.14.0.jar,C:\Users\amirdi\.m2\repository\org\apiguardian\apiguardian-api\1.1.2\apiguardian-api-1.1.2.jar,C:\Users\amirdi\.m2\repository\org\junit\jupiter\junit-jupiter-params\5.14.0\junit-jupiter-params-5.14.0.jar,C:\Users\amirdi\.m2\repository\org\junit\jupiter\junit-jupiter-engine\5.14.0\junit-jupiter-engine-5.14.0.jar,C:\Users\amirdi\.m2\repository\org\junit\platform\junit-platform-engine\1.14.0\junit-platform-engine-1.14.0.jar,C:\Users\amirdi\.m2\repository\org\mockito\mockito-core\5.14.2\mockito-core-5.14.2.jar,C:\Users\amirdi\.m2\repository\net\bytebuddy\byte-buddy\1.15.4\byte-buddy-1.15.4.jar,C:\U...
  - sonar.java.source=8
  - sonar.login=******
  - sonar.projectBaseDir=C:\Users\amirdi\OneDrive - Metropolia Ammattikorkeakoulu Oy\Documents\Spring2025\Sep1\SEP2\week4_CleanCode\Lecture_Demo2026\avg_consol
  - sonar.projectKey=SonarAnalyzer:avg_consol
  - sonar.scanner.app=Intellij Sonar plugin
  - sonar.scanner.appVersion=0.2.2
  - sonar.scanner.home=C:\sonarscanner\sonar-scanner-7.3.0.5189-windows-x64\bin
  - sonar.sourceEncoding=UTF-8
  - sonar.sources=C:/Users/amirdi/OneDrive - Metropolia Ammattikorkeakoulu Oy/Documents/Spring2025/Sep1/SEP2/week4_CleanCode/Lecture_Demo2026/avg_consol/src/main/java,C:/Users/amirdi/OneDrive - Metropolia Ammattikorkeakoulu Oy/Documents/Spring2025/Sep1/SEP2/week4_CleanCode/Lecture_Demo2026/avg_consol/src/main/resources,C:/Users/amirdi/OneDrive - Metropolia Ammattikorkeakoulu Oy/Documents/Spring2025/Sep1/SEP2/week4_CleanCode/Lecture_Demo2026/avg_consol/target/generated-sources/annotations
  - sonar.tests=
  - sonar.working.directory=C:\Users\amirdi\OneDrive - Metropolia Ammattikorkeakoulu Oy\Documents\Spring2025\Sep1\SEP2\week4_CleanCode\Lecture_Demo2026\avg_consol\.idea\SonarAnalyzer\.scannerwork
